<?xml version="1.0" encoding="UTF-8"?>
<!-- Generated by org.testng.reporters.JUnitReportReporter -->
<testsuite skipped="0" hostname="DESKTOP-MRNVS04" name="package2.class2" tests="1" failures="0" timestamp="17 八月 2019 19:34:13 GMT" time="0.003" errors="0">
  <testcase name="method4" time="0.003" classname="package2.class2"/>
</testsuite> <!-- package2.class2 -->
