<?xml version="1.0" encoding="UTF-8"?>
<!-- Generated by org.testng.reporters.JUnitReportReporter -->
<testsuite name="package02.test06" tests="2" time="0.015" ignored="0" failures="0" timestamp="13 八月 2019 12:29:53 GMT" skipped="0" hostname="DESKTOP-MRNVS04" errors="0">
  <testcase name="test06a" time="0.012" classname="package02.test06"/>
  <testcase name="test06b" time="0.003" classname="package02.test06"/>
</testsuite> <!-- package02.test06 -->
