<?xml version="1.0" encoding="UTF-8"?>
<!-- Generated by org.testng.reporters.JUnitReportReporter -->
<testsuite name="package01.test03" tests="1" time="0.005" ignored="1" failures="0" timestamp="13 八月 2019 13:42:03 GMT" skipped="0" hostname="DESKTOP-MRNVS04" errors="0">
  <testcase name="test03b" time="0.005" classname="package01.test03"/>
  <testcase name="test03a" classname="package01.test03">
    <skipped/>
  </testcase> <!-- test03a -->
</testsuite> <!-- package01.test03 -->
