<?xml version="1.0" encoding="UTF-8"?>
<!-- Generated by org.testng.reporters.JUnitReportReporter -->
<testsuite name="package03.test07" tests="1" time="0.015" ignored="1" failures="0" timestamp="12 八月 2019 18:12:39 GMT" skipped="0" hostname="DESKTOP-MRNVS04" errors="0">
  <testcase name="test07x" time="0.015" classname="package03.test07"/>
  <testcase name="test07y" classname="package03.test07">
    <skipped/>
  </testcase> <!-- test07y -->
</testsuite> <!-- package03.test07 -->
