<?xml version="1.0" encoding="UTF-8"?>
<!-- Generated by org.testng.reporters.JUnitReportReporter -->
<testsuite skipped="0" hostname="DESKTOP-MRNVS04" name="package02.test03" tests="2" failures="0" timestamp="17 八月 2019 18:29:24 GMT" time="0.023" errors="0">
  <testcase name="test3a" time="0.008" classname="package02.test03"/>
  <testcase name="test3b" time="0.015" classname="package02.test03"/>
</testsuite> <!-- package02.test03 -->
