<?xml version="1.0" encoding="UTF-8"?>
<!-- Generated by org.testng.reporters.JUnitReportReporter -->
<testsuite name="package2.class3" tests="1" time="0.004" ignored="0" failures="0" timestamp="29 八月 2019 16:30:43 GMT" skipped="0" hostname="DESKTOP-MRNVS04" errors="0">
  <testcase name="method6" time="0.004" classname="package2.class3"/>
</testsuite> <!-- package2.class3 -->
