<?xml version="1.0" encoding="UTF-8"?>
<!-- Generated by org.testng.reporters.JUnitReportReporter -->
<testsuite name="package02.test01" tests="1" time="0.002" ignored="0" failures="0" timestamp="12 八月 2019 15:56:09 GMT" skipped="0" hostname="DESKTOP-MRNVS04" errors="0">
  <testcase name="ha1" time="0.002" classname="package02.test01"/>
</testsuite> <!-- package02.test01 -->
