<?xml version="1.0" encoding="UTF-8"?>
<!-- Generated by org.testng.reporters.JUnitReportReporter -->
<testsuite name="package1.class1" tests="3" time="0.012" ignored="0" failures="0" timestamp="29 八月 2019 16:30:43 GMT" skipped="0" hostname="DESKTOP-MRNVS04" errors="0">
  <testcase name="method1" time="0.006" classname="package1.class1"/>
  <testcase name="method2" time="0.004" classname="package1.class1"/>
  <testcase name="method3" time="0.002" classname="package1.class1"/>
</testsuite> <!-- package1.class1 -->
