<?xml version="1.0" encoding="UTF-8"?>
<!-- Generated by org.testng.reporters.JUnitReportReporter -->
<testsuite name="package02.test04" tests="2" time="0.016" ignored="0" failures="0" timestamp="13 八月 2019 12:33:10 GMT" skipped="0" hostname="DESKTOP-MRNVS04" errors="0">
  <testcase name="test4a" time="0.014" classname="package02.test04"/>
  <testcase name="test4b" time="0.002" classname="package02.test04"/>
</testsuite> <!-- package02.test04 -->
