<?xml version="1.0" encoding="UTF-8"?>
<!-- Generated by org.testng.reporters.JUnitReportReporter -->
<testsuite skipped="0" hostname="DESKTOP-MRNVS04" name="package01.test02" tests="2" failures="0" timestamp="17 八月 2019 18:33:32 GMT" time="0.028" errors="0">
  <testcase name="test02a" time="0.015" classname="package01.test02"/>
  <testcase name="test02b" time="0.013" classname="package01.test02"/>
</testsuite> <!-- package01.test02 -->
