<?xml version="1.0" encoding="UTF-8"?>
<!-- Generated by org.testng.reporters.JUnitReportReporter -->
<testsuite skipped="0" hostname="DESKTOP-MRNVS04" name="package01.test01" tests="3" failures="0" timestamp="17 八月 2019 18:33:32 GMT" time="0.035" errors="0">
  <testcase name="test01b" time="0.010" classname="package01.test01"/>
  <testcase name="test01a" time="0.017" classname="package01.test01"/>
  <testcase name="test01c" time="0.008" classname="package01.test01"/>
</testsuite> <!-- package01.test01 -->
