<?xml version="1.0" encoding="UTF-8"?>
<!-- Generated by org.testng.reporters.JUnitReportReporter -->
<testsuite skipped="0" hostname="DESKTOP-MRNVS04" name="package1.class1" tests="3" failures="0" timestamp="29 八月 2019 13:26:51 GMT" time="0.001" errors="0">
  <testcase name="method1" time="0.001" classname="package1.class1"/>
  <testcase name="method2" time="0.000" classname="package1.class1"/>
  <testcase name="method3" time="0.000" classname="package1.class1"/>
</testsuite> <!-- package1.class1 -->
